2014-12-28 18:32:01,819 - [INFO] - from play in pool-4-thread-2 
Listening for HTTP on /0:0:0:0:0:0:0:0:9000

2014-12-28 18:32:18,649 - [DEBUG] - from com.jolbox.bonecp.BoneCPDataSource in play-internal-execution-context-1 
JDBC URL = jdbc:postgresql://localhost/school, Username = postgres, partitions = 1, max (per partition) = 30, min (per partition) = 5, idle max age = 10 min, idle test period = 1 min, strategy = DEFAULT

2014-12-28 18:32:19,612 - [INFO] - from play in play-internal-execution-context-1 
database [default] connected at jdbc:postgresql://localhost/school

2014-12-28 18:32:22,726 - [DEBUG] - from com.jolbox.bonecp.StatementHandle in play-internal-execution-context-1 
select id, hash, apply_script, revert_script, state, last_problem from play_evolutions where state like 'applying_%'

2014-12-28 18:32:22,773 - [DEBUG] - from com.jolbox.bonecp.StatementHandle in play-internal-execution-context-1 

            select id, hash, apply_script, revert_script from play_evolutions order by id
        

2014-12-28 18:32:24,101 - [DEBUG] - from com.jolbox.bonecp.PreparedStatementHandle in play-internal-execution-context-1 
select count(*) from security_role t0

2014-12-28 18:32:24,174 - [DEBUG] - from com.jolbox.bonecp.PreparedStatementHandle in play-internal-execution-context-1 
select count(*) from user_permission t0

2014-12-28 18:32:24,229 - [INFO] - from play in play-internal-execution-context-1 
Application started (Dev)

2014-12-28 18:32:49,645 - [DEBUG] - from com.jolbox.bonecp.PreparedStatementHandle in play-akka.actor.default-dispatcher-4 
select distinct t0.id as c0, t0.email as c1, t0.name as c2, t0.first_name as c3, t0.last_name as c4, t0.last_login as c5, t0.active as c6, t0.email_validated as c7, t0.score as c8 from users t0 join linked_account u1 on u1.user_id = t0.id  where t0.active = true  and t0.email = 'test@test.com'  and u1.provider_key = 'password' 

2014-12-28 18:32:49,694 - [DEBUG] - from com.jolbox.bonecp.PreparedStatementHandle in play-akka.actor.default-dispatcher-4 
select t0.id as c0, t0.role_name as c1 from security_role t0 where t0.role_name = 'student' 

2014-12-28 18:32:49,718 - [DEBUG] - from com.jolbox.bonecp.PreparedStatementHandle in play-akka.actor.default-dispatcher-4 
select t0.id as c0, t0.value as c1 from user_permission t0 where t0.value = 'login' 

2014-12-28 18:32:49,726 - [DEBUG] - from com.jolbox.bonecp.PreparedStatementHandle in play-akka.actor.default-dispatcher-4 
select t0.id as c0, t0.value as c1 from user_permission t0 where t0.value = 'view.tag' 

2014-12-28 18:32:49,734 - [DEBUG] - from com.jolbox.bonecp.PreparedStatementHandle in play-akka.actor.default-dispatcher-4 
select t0.id as c0, t0.value as c1 from user_permission t0 where t0.value = 'cru.post' 

2014-12-28 18:32:49,739 - [DEBUG] - from com.jolbox.bonecp.PreparedStatementHandle in play-akka.actor.default-dispatcher-4 
select t0.id as c0, t0.value as c1 from user_permission t0 where t0.value = 'd.post' 

2014-12-28 18:32:50,075 - [DEBUG] - from com.jolbox.bonecp.PreparedStatementHandle in play-akka.actor.default-dispatcher-4 
select nextval('users_seq'), s.generate_series from (select generate_series from generate_series(1,20) ) as s

2014-12-28 18:32:50,137 - [DEBUG] - from com.jolbox.bonecp.PreparedStatementHandle in play-akka.actor.default-dispatcher-4 
insert into users (id, email, name, first_name, last_name, last_login, active, email_validated, score) values (1,'test@test.com','test','[SQL NULL of type 12]','[SQL NULL of type 12]',2014-12-28 18:32:49.742,true,false,1)

2014-12-28 18:32:50,206 - [DEBUG] - from com.jolbox.bonecp.PreparedStatementHandle in play-akka.actor.default-dispatcher-4 
delete from users_security_role where users_id = 1

2014-12-28 18:32:50,227 - [DEBUG] - from com.jolbox.bonecp.PreparedStatementHandle in play-akka.actor.default-dispatcher-4 
insert into users_security_role (users_id, security_role_id) values (1, 7)

2014-12-28 18:32:50,257 - [DEBUG] - from com.jolbox.bonecp.PreparedStatementHandle in play-akka.actor.default-dispatcher-4 
select nextval('linked_account_seq'), s.generate_series from (select generate_series from generate_series(1,20) ) as s

2014-12-28 18:32:50,260 - [DEBUG] - from com.jolbox.bonecp.PreparedStatementHandle in play-akka.actor.default-dispatcher-4 
insert into linked_account (id, provider_user_id, provider_key, user_id) values (1,'$2a$10$aYEmU8i2fkvBLCt6lZWwHe8lsAh56lqExBb3fUOB56.vKDSZILgNe','password',1)

2014-12-28 18:32:50,265 - [DEBUG] - from com.jolbox.bonecp.PreparedStatementHandle in play-akka.actor.default-dispatcher-4 
delete from users_user_permission where users_id = 1

2014-12-28 18:32:50,271 - [DEBUG] - from com.jolbox.bonecp.PreparedStatementHandle in play-akka.actor.default-dispatcher-4 
insert into users_user_permission (users_id, user_permission_id) values (1, 7)

2014-12-28 18:32:50,277 - [DEBUG] - from com.jolbox.bonecp.PreparedStatementHandle in play-akka.actor.default-dispatcher-4 
insert into users_user_permission (users_id, user_permission_id) values (1, 36)

2014-12-28 18:32:50,278 - [DEBUG] - from com.jolbox.bonecp.PreparedStatementHandle in play-akka.actor.default-dispatcher-4 
insert into users_user_permission (users_id, user_permission_id) values (1, 24)

2014-12-28 18:32:50,280 - [DEBUG] - from com.jolbox.bonecp.PreparedStatementHandle in play-akka.actor.default-dispatcher-4 
insert into users_user_permission (users_id, user_permission_id) values (1, 25)

2014-12-28 18:32:50,358 - [DEBUG] - from com.jolbox.bonecp.PreparedStatementHandle in play-akka.actor.default-dispatcher-4 
delete from users_security_role where users_id = 1

2014-12-28 18:32:50,361 - [DEBUG] - from com.jolbox.bonecp.PreparedStatementHandle in play-akka.actor.default-dispatcher-4 
insert into users_security_role (users_id, security_role_id) values (1, 7)

2014-12-28 18:32:50,366 - [DEBUG] - from com.jolbox.bonecp.PreparedStatementHandle in play-akka.actor.default-dispatcher-4 
delete from users_user_permission where users_id = 1

2014-12-28 18:32:50,369 - [DEBUG] - from com.jolbox.bonecp.PreparedStatementHandle in play-akka.actor.default-dispatcher-4 
insert into users_user_permission (users_id, user_permission_id) values (1, 7)

2014-12-28 18:32:50,373 - [DEBUG] - from com.jolbox.bonecp.PreparedStatementHandle in play-akka.actor.default-dispatcher-4 
insert into users_user_permission (users_id, user_permission_id) values (1, 36)

2014-12-28 18:32:50,375 - [DEBUG] - from com.jolbox.bonecp.PreparedStatementHandle in play-akka.actor.default-dispatcher-4 
insert into users_user_permission (users_id, user_permission_id) values (1, 24)

2014-12-28 18:32:50,376 - [DEBUG] - from com.jolbox.bonecp.PreparedStatementHandle in play-akka.actor.default-dispatcher-4 
insert into users_user_permission (users_id, user_permission_id) values (1, 25)

2014-12-28 18:32:50,386 - [DEBUG] - from com.jolbox.bonecp.PreparedStatementHandle in play-akka.actor.default-dispatcher-4 
select distinct t0.id as c0, t0.email as c1, t0.name as c2, t0.first_name as c3, t0.last_name as c4, t0.last_login as c5, t0.active as c6, t0.email_validated as c7, t0.score as c8 from users t0 join linked_account u1 on u1.user_id = t0.id  where t0.active = true  and t0.email = 'test@test.com'  and u1.provider_key = 'password' 

2014-12-28 18:32:50,409 - [DEBUG] - from com.jolbox.bonecp.PreparedStatementHandle in play-akka.actor.default-dispatcher-4 
select distinct t0.id as c0, t0.email as c1, t0.name as c2, t0.first_name as c3, t0.last_name as c4, t0.last_login as c5, t0.active as c6, t0.email_validated as c7, t0.score as c8 from users t0 join linked_account u1 on u1.user_id = t0.id  where t0.active = true  and t0.email = 'test@test.com'  and u1.provider_key = 'password' 

2014-12-28 18:32:50,422 - [DEBUG] - from com.jolbox.bonecp.PreparedStatementHandle in play-akka.actor.default-dispatcher-4 
update users set last_login=2014-12-28 18:32:50.415 where id=1 and email='test@test.com' and name='test' and first_name is null and last_name is null and last_login=2014-12-28 18:32:49.742 and active=true and email_validated=false and score=1

2014-12-28 18:32:52,495 - [DEBUG] - from com.jolbox.bonecp.PreparedStatementHandle in play-akka.actor.default-dispatcher-4 
select distinct t0.id as c0, t0.email as c1, t0.name as c2, t0.first_name as c3, t0.last_name as c4, t0.last_login as c5, t0.active as c6, t0.email_validated as c7, t0.score as c8 from users t0 join linked_account u1 on u1.user_id = t0.id  where t0.active = true  and t0.email = 'test@test.com'  and u1.provider_key = 'password' 

2014-12-28 18:32:52,506 - [DEBUG] - from com.jolbox.bonecp.PreparedStatementHandle in play-akka.actor.default-dispatcher-4 
select distinct t0.id as c0, t0.email as c1, t0.name as c2, t0.first_name as c3, t0.last_name as c4, t0.last_login as c5, t0.active as c6, t0.email_validated as c7, t0.score as c8 from users t0 join linked_account u1 on u1.user_id = t0.id  where t0.active = true  and t0.email = 'test@test.com'  and u1.provider_key = 'password' 

2014-12-28 18:32:52,523 - [DEBUG] - from com.jolbox.bonecp.PreparedStatementHandle in play-akka.actor.default-dispatcher-4 
select t0.id as c0, t1.id as c1, t1.role_name as c2 from users t0 left outer join users_security_role t1z_ on t1z_.users_id = t0.id  left outer join security_role t1 on t1.id = t1z_.security_role_id  where t0.id = 1   order by t0.id

2014-12-28 18:32:52,538 - [DEBUG] - from com.jolbox.bonecp.PreparedStatementHandle in play-akka.actor.default-dispatcher-4 
select t0.id as c0, t0.created_time as c1, t0.updated_time as c2, t0.title as c3, t0.slug as c4, t0.text as c5, t0.html as c6, t0.score as c7, t0.user_id as c8, t0.featured_image_id as c9 from short_note t0 where t0.user_id = 1  order by t0.title

2014-12-28 18:32:52,547 - [DEBUG] - from com.jolbox.bonecp.PreparedStatementHandle in play-akka.actor.default-dispatcher-4 
select t0.id as c0, t1.id as c1, t1.name as c2, t1.slug as c3, t1.description as c4, t1.description_html as c5, t1.featured_image_id as c6 from users t0 left outer join users_tag t1z_ on t1z_.users_id = t0.id  left outer join tag t1 on t1.id = t1z_.tag_id  where t0.id = 1   order by t0.id

2014-12-28 18:32:52,571 - [DEBUG] - from com.jolbox.bonecp.PreparedStatementHandle in play-akka.actor.default-dispatcher-4 
select t0.id as c0, t0.created_time as c1, t0.updated_time as c2, t0.title as c3, t0.slug as c4, t0.text as c5, t0.html as c6, t0.score as c7, t0.user_id as c8, t0.featured_image_id as c9 from short_note t0 order by t0.title

2014-12-28 18:32:52,757 - [DEBUG] - from com.jolbox.bonecp.PreparedStatementHandle in play-akka.actor.default-dispatcher-4 
select distinct t0.id as c0, t0.email as c1, t0.name as c2, t0.first_name as c3, t0.last_name as c4, t0.last_login as c5, t0.active as c6, t0.email_validated as c7, t0.score as c8 from users t0 join linked_account u1 on u1.user_id = t0.id  where t0.active = true  and t0.email = 'test@test.com'  and u1.provider_key = 'password' 

2014-12-28 18:32:52,762 - [DEBUG] - from com.jolbox.bonecp.PreparedStatementHandle in play-akka.actor.default-dispatcher-4 
select distinct t0.id as c0, t0.email as c1, t0.name as c2, t0.first_name as c3, t0.last_name as c4, t0.last_login as c5, t0.active as c6, t0.email_validated as c7, t0.score as c8 from users t0 join linked_account u1 on u1.user_id = t0.id  where t0.active = true  and t0.email = 'test@test.com'  and u1.provider_key = 'password' 

2014-12-28 18:32:52,823 - [DEBUG] - from com.jolbox.bonecp.PreparedStatementHandle in play-akka.actor.default-dispatcher-4 
select distinct t0.id as c0, t0.email as c1, t0.name as c2, t0.first_name as c3, t0.last_name as c4, t0.last_login as c5, t0.active as c6, t0.email_validated as c7, t0.score as c8 from users t0 join linked_account u1 on u1.user_id = t0.id  where t0.active = true  and t0.email = 'test@test.com'  and u1.provider_key = 'password' 

2014-12-28 18:32:52,868 - [DEBUG] - from com.jolbox.bonecp.PreparedStatementHandle in play-akka.actor.default-dispatcher-4 
select distinct t0.id as c0, t0.email as c1, t0.name as c2, t0.first_name as c3, t0.last_name as c4, t0.last_login as c5, t0.active as c6, t0.email_validated as c7, t0.score as c8 from users t0 join linked_account u1 on u1.user_id = t0.id  where t0.active = true  and t0.email = 'test@test.com'  and u1.provider_key = 'password' 

2014-12-28 18:32:53,952 - [DEBUG] - from com.jolbox.bonecp.PreparedStatementHandle in play-akka.actor.default-dispatcher-10 
select distinct t0.id as c0, t0.email as c1, t0.name as c2, t0.first_name as c3, t0.last_name as c4, t0.last_login as c5, t0.active as c6, t0.email_validated as c7, t0.score as c8 from users t0 join linked_account u1 on u1.user_id = t0.id  where t0.active = true  and t0.email = 'test@test.com'  and u1.provider_key = 'password' 

2014-12-28 18:32:53,957 - [DEBUG] - from com.jolbox.bonecp.PreparedStatementHandle in play-akka.actor.default-dispatcher-10 
select t0.id as c0, t0.user_id as c1 from notification t0 where t0.user_id = 1 

2014-12-28 18:32:57,946 - [DEBUG] - from com.jolbox.bonecp.PreparedStatementHandle in play-akka.actor.default-dispatcher-10 
select distinct t0.id as c0, t0.email as c1, t0.name as c2, t0.first_name as c3, t0.last_name as c4, t0.last_login as c5, t0.active as c6, t0.email_validated as c7, t0.score as c8 from users t0 join linked_account u1 on u1.user_id = t0.id  where t0.active = true  and t0.email = 'test@test.com'  and u1.provider_key = 'password' 

2014-12-28 18:32:57,960 - [DEBUG] - from com.jolbox.bonecp.PreparedStatementHandle in play-akka.actor.default-dispatcher-10 
select t0.id as c0, t0.user_id as c1 from notification t0 where t0.user_id = 1 

2014-12-28 18:33:01,873 - [DEBUG] - from com.jolbox.bonecp.PreparedStatementHandle in play-akka.actor.default-dispatcher-7 
select distinct t0.id as c0, t0.email as c1, t0.name as c2, t0.first_name as c3, t0.last_name as c4, t0.last_login as c5, t0.active as c6, t0.email_validated as c7, t0.score as c8 from users t0 join linked_account u1 on u1.user_id = t0.id  where t0.active = true  and t0.email = 'test@test.com'  and u1.provider_key = 'password' 

2014-12-28 18:33:01,880 - [DEBUG] - from com.jolbox.bonecp.PreparedStatementHandle in play-akka.actor.default-dispatcher-7 
select t0.id as c0, t0.user_id as c1 from notification t0 where t0.user_id = 1 

2014-12-28 18:33:05,873 - [DEBUG] - from com.jolbox.bonecp.PreparedStatementHandle in play-akka.actor.default-dispatcher-10 
select distinct t0.id as c0, t0.email as c1, t0.name as c2, t0.first_name as c3, t0.last_name as c4, t0.last_login as c5, t0.active as c6, t0.email_validated as c7, t0.score as c8 from users t0 join linked_account u1 on u1.user_id = t0.id  where t0.active = true  and t0.email = 'test@test.com'  and u1.provider_key = 'password' 

2014-12-28 18:33:05,882 - [DEBUG] - from com.jolbox.bonecp.PreparedStatementHandle in play-akka.actor.default-dispatcher-10 
select t0.id as c0, t0.user_id as c1 from notification t0 where t0.user_id = 1 

2014-12-28 18:33:09,877 - [DEBUG] - from com.jolbox.bonecp.PreparedStatementHandle in play-akka.actor.default-dispatcher-7 
select distinct t0.id as c0, t0.email as c1, t0.name as c2, t0.first_name as c3, t0.last_name as c4, t0.last_login as c5, t0.active as c6, t0.email_validated as c7, t0.score as c8 from users t0 join linked_account u1 on u1.user_id = t0.id  where t0.active = true  and t0.email = 'test@test.com'  and u1.provider_key = 'password' 

2014-12-28 18:33:09,884 - [DEBUG] - from com.jolbox.bonecp.PreparedStatementHandle in play-akka.actor.default-dispatcher-7 
select t0.id as c0, t0.user_id as c1 from notification t0 where t0.user_id = 1 

2014-12-28 18:33:13,879 - [DEBUG] - from com.jolbox.bonecp.PreparedStatementHandle in play-akka.actor.default-dispatcher-7 
select distinct t0.id as c0, t0.email as c1, t0.name as c2, t0.first_name as c3, t0.last_name as c4, t0.last_login as c5, t0.active as c6, t0.email_validated as c7, t0.score as c8 from users t0 join linked_account u1 on u1.user_id = t0.id  where t0.active = true  and t0.email = 'test@test.com'  and u1.provider_key = 'password' 

2014-12-28 18:33:13,887 - [DEBUG] - from com.jolbox.bonecp.PreparedStatementHandle in play-akka.actor.default-dispatcher-7 
select t0.id as c0, t0.user_id as c1 from notification t0 where t0.user_id = 1 

2014-12-28 18:33:17,876 - [DEBUG] - from com.jolbox.bonecp.PreparedStatementHandle in play-akka.actor.default-dispatcher-10 
select distinct t0.id as c0, t0.email as c1, t0.name as c2, t0.first_name as c3, t0.last_name as c4, t0.last_login as c5, t0.active as c6, t0.email_validated as c7, t0.score as c8 from users t0 join linked_account u1 on u1.user_id = t0.id  where t0.active = true  and t0.email = 'test@test.com'  and u1.provider_key = 'password' 

2014-12-28 18:33:17,880 - [DEBUG] - from com.jolbox.bonecp.PreparedStatementHandle in play-akka.actor.default-dispatcher-10 
select t0.id as c0, t0.user_id as c1 from notification t0 where t0.user_id = 1 

2014-12-28 18:33:21,879 - [DEBUG] - from com.jolbox.bonecp.PreparedStatementHandle in play-akka.actor.default-dispatcher-10 
select distinct t0.id as c0, t0.email as c1, t0.name as c2, t0.first_name as c3, t0.last_name as c4, t0.last_login as c5, t0.active as c6, t0.email_validated as c7, t0.score as c8 from users t0 join linked_account u1 on u1.user_id = t0.id  where t0.active = true  and t0.email = 'test@test.com'  and u1.provider_key = 'password' 

2014-12-28 18:33:21,886 - [DEBUG] - from com.jolbox.bonecp.PreparedStatementHandle in play-akka.actor.default-dispatcher-10 
select t0.id as c0, t0.user_id as c1 from notification t0 where t0.user_id = 1 

2014-12-28 18:33:25,882 - [DEBUG] - from com.jolbox.bonecp.PreparedStatementHandle in play-akka.actor.default-dispatcher-7 
select distinct t0.id as c0, t0.email as c1, t0.name as c2, t0.first_name as c3, t0.last_name as c4, t0.last_login as c5, t0.active as c6, t0.email_validated as c7, t0.score as c8 from users t0 join linked_account u1 on u1.user_id = t0.id  where t0.active = true  and t0.email = 'test@test.com'  and u1.provider_key = 'password' 

2014-12-28 18:33:25,894 - [DEBUG] - from com.jolbox.bonecp.PreparedStatementHandle in play-akka.actor.default-dispatcher-7 
select t0.id as c0, t0.user_id as c1 from notification t0 where t0.user_id = 1 

2014-12-28 18:33:29,882 - [DEBUG] - from com.jolbox.bonecp.PreparedStatementHandle in play-akka.actor.default-dispatcher-10 
select distinct t0.id as c0, t0.email as c1, t0.name as c2, t0.first_name as c3, t0.last_name as c4, t0.last_login as c5, t0.active as c6, t0.email_validated as c7, t0.score as c8 from users t0 join linked_account u1 on u1.user_id = t0.id  where t0.active = true  and t0.email = 'test@test.com'  and u1.provider_key = 'password' 

2014-12-28 18:33:29,888 - [DEBUG] - from com.jolbox.bonecp.PreparedStatementHandle in play-akka.actor.default-dispatcher-10 
select t0.id as c0, t0.user_id as c1 from notification t0 where t0.user_id = 1 

2014-12-28 18:33:33,882 - [DEBUG] - from com.jolbox.bonecp.PreparedStatementHandle in play-akka.actor.default-dispatcher-10 
select distinct t0.id as c0, t0.email as c1, t0.name as c2, t0.first_name as c3, t0.last_name as c4, t0.last_login as c5, t0.active as c6, t0.email_validated as c7, t0.score as c8 from users t0 join linked_account u1 on u1.user_id = t0.id  where t0.active = true  and t0.email = 'test@test.com'  and u1.provider_key = 'password' 

2014-12-28 18:33:33,888 - [DEBUG] - from com.jolbox.bonecp.PreparedStatementHandle in play-akka.actor.default-dispatcher-10 
select t0.id as c0, t0.user_id as c1 from notification t0 where t0.user_id = 1 

2014-12-28 18:33:37,885 - [DEBUG] - from com.jolbox.bonecp.PreparedStatementHandle in play-akka.actor.default-dispatcher-7 
select distinct t0.id as c0, t0.email as c1, t0.name as c2, t0.first_name as c3, t0.last_name as c4, t0.last_login as c5, t0.active as c6, t0.email_validated as c7, t0.score as c8 from users t0 join linked_account u1 on u1.user_id = t0.id  where t0.active = true  and t0.email = 'test@test.com'  and u1.provider_key = 'password' 

2014-12-28 18:33:37,890 - [DEBUG] - from com.jolbox.bonecp.PreparedStatementHandle in play-akka.actor.default-dispatcher-7 
select t0.id as c0, t0.user_id as c1 from notification t0 where t0.user_id = 1 

2014-12-28 18:33:41,882 - [DEBUG] - from com.jolbox.bonecp.PreparedStatementHandle in play-akka.actor.default-dispatcher-10 
select distinct t0.id as c0, t0.email as c1, t0.name as c2, t0.first_name as c3, t0.last_name as c4, t0.last_login as c5, t0.active as c6, t0.email_validated as c7, t0.score as c8 from users t0 join linked_account u1 on u1.user_id = t0.id  where t0.active = true  and t0.email = 'test@test.com'  and u1.provider_key = 'password' 

2014-12-28 18:33:41,887 - [DEBUG] - from com.jolbox.bonecp.PreparedStatementHandle in play-akka.actor.default-dispatcher-10 
select t0.id as c0, t0.user_id as c1 from notification t0 where t0.user_id = 1 

2014-12-28 18:33:45,887 - [DEBUG] - from com.jolbox.bonecp.PreparedStatementHandle in play-akka.actor.default-dispatcher-6 
select distinct t0.id as c0, t0.email as c1, t0.name as c2, t0.first_name as c3, t0.last_name as c4, t0.last_login as c5, t0.active as c6, t0.email_validated as c7, t0.score as c8 from users t0 join linked_account u1 on u1.user_id = t0.id  where t0.active = true  and t0.email = 'test@test.com'  and u1.provider_key = 'password' 

2014-12-28 18:33:45,899 - [DEBUG] - from com.jolbox.bonecp.PreparedStatementHandle in play-akka.actor.default-dispatcher-6 
select t0.id as c0, t0.user_id as c1 from notification t0 where t0.user_id = 1 

2014-12-28 18:33:49,898 - [DEBUG] - from com.jolbox.bonecp.PreparedStatementHandle in play-akka.actor.default-dispatcher-6 
select distinct t0.id as c0, t0.email as c1, t0.name as c2, t0.first_name as c3, t0.last_name as c4, t0.last_login as c5, t0.active as c6, t0.email_validated as c7, t0.score as c8 from users t0 join linked_account u1 on u1.user_id = t0.id  where t0.active = true  and t0.email = 'test@test.com'  and u1.provider_key = 'password' 

2014-12-28 18:33:49,902 - [DEBUG] - from com.jolbox.bonecp.PreparedStatementHandle in play-akka.actor.default-dispatcher-6 
select t0.id as c0, t0.user_id as c1 from notification t0 where t0.user_id = 1 

2014-12-28 18:33:53,894 - [DEBUG] - from com.jolbox.bonecp.PreparedStatementHandle in play-akka.actor.default-dispatcher-6 
select distinct t0.id as c0, t0.email as c1, t0.name as c2, t0.first_name as c3, t0.last_name as c4, t0.last_login as c5, t0.active as c6, t0.email_validated as c7, t0.score as c8 from users t0 join linked_account u1 on u1.user_id = t0.id  where t0.active = true  and t0.email = 'test@test.com'  and u1.provider_key = 'password' 

2014-12-28 18:33:53,899 - [DEBUG] - from com.jolbox.bonecp.PreparedStatementHandle in play-akka.actor.default-dispatcher-6 
select t0.id as c0, t0.user_id as c1 from notification t0 where t0.user_id = 1 

2014-12-28 18:33:57,889 - [DEBUG] - from com.jolbox.bonecp.PreparedStatementHandle in play-akka.actor.default-dispatcher-10 
select distinct t0.id as c0, t0.email as c1, t0.name as c2, t0.first_name as c3, t0.last_name as c4, t0.last_login as c5, t0.active as c6, t0.email_validated as c7, t0.score as c8 from users t0 join linked_account u1 on u1.user_id = t0.id  where t0.active = true  and t0.email = 'test@test.com'  and u1.provider_key = 'password' 

2014-12-28 18:33:57,894 - [DEBUG] - from com.jolbox.bonecp.PreparedStatementHandle in play-akka.actor.default-dispatcher-10 
select t0.id as c0, t0.user_id as c1 from notification t0 where t0.user_id = 1 

2014-12-28 18:34:01,905 - [DEBUG] - from com.jolbox.bonecp.PreparedStatementHandle in play-akka.actor.default-dispatcher-6 
select distinct t0.id as c0, t0.email as c1, t0.name as c2, t0.first_name as c3, t0.last_name as c4, t0.last_login as c5, t0.active as c6, t0.email_validated as c7, t0.score as c8 from users t0 join linked_account u1 on u1.user_id = t0.id  where t0.active = true  and t0.email = 'test@test.com'  and u1.provider_key = 'password' 

2014-12-28 18:34:01,910 - [DEBUG] - from com.jolbox.bonecp.PreparedStatementHandle in play-akka.actor.default-dispatcher-6 
select t0.id as c0, t0.user_id as c1 from notification t0 where t0.user_id = 1 

2014-12-28 18:34:05,893 - [DEBUG] - from com.jolbox.bonecp.PreparedStatementHandle in play-akka.actor.default-dispatcher-6 
select distinct t0.id as c0, t0.email as c1, t0.name as c2, t0.first_name as c3, t0.last_name as c4, t0.last_login as c5, t0.active as c6, t0.email_validated as c7, t0.score as c8 from users t0 join linked_account u1 on u1.user_id = t0.id  where t0.active = true  and t0.email = 'test@test.com'  and u1.provider_key = 'password' 

2014-12-28 18:34:05,900 - [DEBUG] - from com.jolbox.bonecp.PreparedStatementHandle in play-akka.actor.default-dispatcher-6 
select t0.id as c0, t0.user_id as c1 from notification t0 where t0.user_id = 1 

2014-12-28 18:34:09,932 - [DEBUG] - from com.jolbox.bonecp.PreparedStatementHandle in play-akka.actor.default-dispatcher-6 
select distinct t0.id as c0, t0.email as c1, t0.name as c2, t0.first_name as c3, t0.last_name as c4, t0.last_login as c5, t0.active as c6, t0.email_validated as c7, t0.score as c8 from users t0 join linked_account u1 on u1.user_id = t0.id  where t0.active = true  and t0.email = 'test@test.com'  and u1.provider_key = 'password' 

2014-12-28 18:34:09,939 - [DEBUG] - from com.jolbox.bonecp.PreparedStatementHandle in play-akka.actor.default-dispatcher-6 
select t0.id as c0, t0.user_id as c1 from notification t0 where t0.user_id = 1 

2014-12-28 18:34:13,912 - [DEBUG] - from com.jolbox.bonecp.PreparedStatementHandle in play-akka.actor.default-dispatcher-7 
select distinct t0.id as c0, t0.email as c1, t0.name as c2, t0.first_name as c3, t0.last_name as c4, t0.last_login as c5, t0.active as c6, t0.email_validated as c7, t0.score as c8 from users t0 join linked_account u1 on u1.user_id = t0.id  where t0.active = true  and t0.email = 'test@test.com'  and u1.provider_key = 'password' 

2014-12-28 18:34:13,918 - [DEBUG] - from com.jolbox.bonecp.PreparedStatementHandle in play-akka.actor.default-dispatcher-7 
select t0.id as c0, t0.user_id as c1 from notification t0 where t0.user_id = 1 

2014-12-28 18:34:17,895 - [DEBUG] - from com.jolbox.bonecp.PreparedStatementHandle in play-akka.actor.default-dispatcher-7 
select distinct t0.id as c0, t0.email as c1, t0.name as c2, t0.first_name as c3, t0.last_name as c4, t0.last_login as c5, t0.active as c6, t0.email_validated as c7, t0.score as c8 from users t0 join linked_account u1 on u1.user_id = t0.id  where t0.active = true  and t0.email = 'test@test.com'  and u1.provider_key = 'password' 

2014-12-28 18:34:17,902 - [DEBUG] - from com.jolbox.bonecp.PreparedStatementHandle in play-akka.actor.default-dispatcher-7 
select t0.id as c0, t0.user_id as c1 from notification t0 where t0.user_id = 1 

2014-12-28 18:34:21,899 - [DEBUG] - from com.jolbox.bonecp.PreparedStatementHandle in play-akka.actor.default-dispatcher-6 
select distinct t0.id as c0, t0.email as c1, t0.name as c2, t0.first_name as c3, t0.last_name as c4, t0.last_login as c5, t0.active as c6, t0.email_validated as c7, t0.score as c8 from users t0 join linked_account u1 on u1.user_id = t0.id  where t0.active = true  and t0.email = 'test@test.com'  and u1.provider_key = 'password' 

2014-12-28 18:34:21,904 - [DEBUG] - from com.jolbox.bonecp.PreparedStatementHandle in play-akka.actor.default-dispatcher-6 
select t0.id as c0, t0.user_id as c1 from notification t0 where t0.user_id = 1 

2014-12-28 18:34:25,905 - [DEBUG] - from com.jolbox.bonecp.PreparedStatementHandle in play-akka.actor.default-dispatcher-11 
select distinct t0.id as c0, t0.email as c1, t0.name as c2, t0.first_name as c3, t0.last_name as c4, t0.last_login as c5, t0.active as c6, t0.email_validated as c7, t0.score as c8 from users t0 join linked_account u1 on u1.user_id = t0.id  where t0.active = true  and t0.email = 'test@test.com'  and u1.provider_key = 'password' 

2014-12-28 18:34:25,917 - [DEBUG] - from com.jolbox.bonecp.PreparedStatementHandle in play-akka.actor.default-dispatcher-11 
select t0.id as c0, t0.user_id as c1 from notification t0 where t0.user_id = 1 

2014-12-28 18:34:29,900 - [DEBUG] - from com.jolbox.bonecp.PreparedStatementHandle in play-akka.actor.default-dispatcher-6 
select distinct t0.id as c0, t0.email as c1, t0.name as c2, t0.first_name as c3, t0.last_name as c4, t0.last_login as c5, t0.active as c6, t0.email_validated as c7, t0.score as c8 from users t0 join linked_account u1 on u1.user_id = t0.id  where t0.active = true  and t0.email = 'test@test.com'  and u1.provider_key = 'password' 

2014-12-28 18:34:29,905 - [DEBUG] - from com.jolbox.bonecp.PreparedStatementHandle in play-akka.actor.default-dispatcher-6 
select t0.id as c0, t0.user_id as c1 from notification t0 where t0.user_id = 1 

2014-12-28 18:34:33,900 - [DEBUG] - from com.jolbox.bonecp.PreparedStatementHandle in play-akka.actor.default-dispatcher-6 
select distinct t0.id as c0, t0.email as c1, t0.name as c2, t0.first_name as c3, t0.last_name as c4, t0.last_login as c5, t0.active as c6, t0.email_validated as c7, t0.score as c8 from users t0 join linked_account u1 on u1.user_id = t0.id  where t0.active = true  and t0.email = 'test@test.com'  and u1.provider_key = 'password' 

2014-12-28 18:34:33,906 - [DEBUG] - from com.jolbox.bonecp.PreparedStatementHandle in play-akka.actor.default-dispatcher-6 
select t0.id as c0, t0.user_id as c1 from notification t0 where t0.user_id = 1 

2014-12-28 18:34:37,911 - [DEBUG] - from com.jolbox.bonecp.PreparedStatementHandle in play-akka.actor.default-dispatcher-6 
select distinct t0.id as c0, t0.email as c1, t0.name as c2, t0.first_name as c3, t0.last_name as c4, t0.last_login as c5, t0.active as c6, t0.email_validated as c7, t0.score as c8 from users t0 join linked_account u1 on u1.user_id = t0.id  where t0.active = true  and t0.email = 'test@test.com'  and u1.provider_key = 'password' 

2014-12-28 18:34:37,917 - [DEBUG] - from com.jolbox.bonecp.PreparedStatementHandle in play-akka.actor.default-dispatcher-6 
select t0.id as c0, t0.user_id as c1 from notification t0 where t0.user_id = 1 

2014-12-28 18:34:41,904 - [DEBUG] - from com.jolbox.bonecp.PreparedStatementHandle in play-akka.actor.default-dispatcher-11 
select distinct t0.id as c0, t0.email as c1, t0.name as c2, t0.first_name as c3, t0.last_name as c4, t0.last_login as c5, t0.active as c6, t0.email_validated as c7, t0.score as c8 from users t0 join linked_account u1 on u1.user_id = t0.id  where t0.active = true  and t0.email = 'test@test.com'  and u1.provider_key = 'password' 

2014-12-28 18:34:41,910 - [DEBUG] - from com.jolbox.bonecp.PreparedStatementHandle in play-akka.actor.default-dispatcher-11 
select t0.id as c0, t0.user_id as c1 from notification t0 where t0.user_id = 1 

2014-12-28 18:34:45,905 - [DEBUG] - from com.jolbox.bonecp.PreparedStatementHandle in play-akka.actor.default-dispatcher-6 
select distinct t0.id as c0, t0.email as c1, t0.name as c2, t0.first_name as c3, t0.last_name as c4, t0.last_login as c5, t0.active as c6, t0.email_validated as c7, t0.score as c8 from users t0 join linked_account u1 on u1.user_id = t0.id  where t0.active = true  and t0.email = 'test@test.com'  and u1.provider_key = 'password' 

2014-12-28 18:34:45,911 - [DEBUG] - from com.jolbox.bonecp.PreparedStatementHandle in play-akka.actor.default-dispatcher-6 
select t0.id as c0, t0.user_id as c1 from notification t0 where t0.user_id = 1 

2014-12-28 18:34:49,919 - [DEBUG] - from com.jolbox.bonecp.PreparedStatementHandle in play-akka.actor.default-dispatcher-11 
select distinct t0.id as c0, t0.email as c1, t0.name as c2, t0.first_name as c3, t0.last_name as c4, t0.last_login as c5, t0.active as c6, t0.email_validated as c7, t0.score as c8 from users t0 join linked_account u1 on u1.user_id = t0.id  where t0.active = true  and t0.email = 'test@test.com'  and u1.provider_key = 'password' 

2014-12-28 18:34:49,930 - [DEBUG] - from com.jolbox.bonecp.PreparedStatementHandle in play-akka.actor.default-dispatcher-11 
select t0.id as c0, t0.user_id as c1 from notification t0 where t0.user_id = 1 

2014-12-28 18:34:53,914 - [DEBUG] - from com.jolbox.bonecp.PreparedStatementHandle in play-akka.actor.default-dispatcher-6 
select distinct t0.id as c0, t0.email as c1, t0.name as c2, t0.first_name as c3, t0.last_name as c4, t0.last_login as c5, t0.active as c6, t0.email_validated as c7, t0.score as c8 from users t0 join linked_account u1 on u1.user_id = t0.id  where t0.active = true  and t0.email = 'test@test.com'  and u1.provider_key = 'password' 

2014-12-28 18:34:53,925 - [DEBUG] - from com.jolbox.bonecp.PreparedStatementHandle in play-akka.actor.default-dispatcher-6 
select t0.id as c0, t0.user_id as c1 from notification t0 where t0.user_id = 1 

2014-12-28 18:34:57,908 - [DEBUG] - from com.jolbox.bonecp.PreparedStatementHandle in play-akka.actor.default-dispatcher-11 
select distinct t0.id as c0, t0.email as c1, t0.name as c2, t0.first_name as c3, t0.last_name as c4, t0.last_login as c5, t0.active as c6, t0.email_validated as c7, t0.score as c8 from users t0 join linked_account u1 on u1.user_id = t0.id  where t0.active = true  and t0.email = 'test@test.com'  and u1.provider_key = 'password' 

2014-12-28 18:34:57,912 - [DEBUG] - from com.jolbox.bonecp.PreparedStatementHandle in play-akka.actor.default-dispatcher-11 
select t0.id as c0, t0.user_id as c1 from notification t0 where t0.user_id = 1 

2014-12-28 18:35:01,919 - [DEBUG] - from com.jolbox.bonecp.PreparedStatementHandle in play-akka.actor.default-dispatcher-7 
select distinct t0.id as c0, t0.email as c1, t0.name as c2, t0.first_name as c3, t0.last_name as c4, t0.last_login as c5, t0.active as c6, t0.email_validated as c7, t0.score as c8 from users t0 join linked_account u1 on u1.user_id = t0.id  where t0.active = true  and t0.email = 'test@test.com'  and u1.provider_key = 'password' 

2014-12-28 18:35:01,932 - [DEBUG] - from com.jolbox.bonecp.PreparedStatementHandle in play-akka.actor.default-dispatcher-7 
select t0.id as c0, t0.user_id as c1 from notification t0 where t0.user_id = 1 

2014-12-28 18:35:05,941 - [DEBUG] - from com.jolbox.bonecp.PreparedStatementHandle in play-akka.actor.default-dispatcher-6 
select distinct t0.id as c0, t0.email as c1, t0.name as c2, t0.first_name as c3, t0.last_name as c4, t0.last_login as c5, t0.active as c6, t0.email_validated as c7, t0.score as c8 from users t0 join linked_account u1 on u1.user_id = t0.id  where t0.active = true  and t0.email = 'test@test.com'  and u1.provider_key = 'password' 

2014-12-28 18:35:05,944 - [DEBUG] - from com.jolbox.bonecp.PreparedStatementHandle in play-akka.actor.default-dispatcher-6 
select t0.id as c0, t0.user_id as c1 from notification t0 where t0.user_id = 1 

2014-12-28 18:35:09,910 - [DEBUG] - from com.jolbox.bonecp.PreparedStatementHandle in play-akka.actor.default-dispatcher-7 
select distinct t0.id as c0, t0.email as c1, t0.name as c2, t0.first_name as c3, t0.last_name as c4, t0.last_login as c5, t0.active as c6, t0.email_validated as c7, t0.score as c8 from users t0 join linked_account u1 on u1.user_id = t0.id  where t0.active = true  and t0.email = 'test@test.com'  and u1.provider_key = 'password' 

2014-12-28 18:35:09,914 - [DEBUG] - from com.jolbox.bonecp.PreparedStatementHandle in play-akka.actor.default-dispatcher-7 
select t0.id as c0, t0.user_id as c1 from notification t0 where t0.user_id = 1 

2014-12-28 18:35:13,920 - [DEBUG] - from com.jolbox.bonecp.PreparedStatementHandle in play-akka.actor.default-dispatcher-6 
select distinct t0.id as c0, t0.email as c1, t0.name as c2, t0.first_name as c3, t0.last_name as c4, t0.last_login as c5, t0.active as c6, t0.email_validated as c7, t0.score as c8 from users t0 join linked_account u1 on u1.user_id = t0.id  where t0.active = true  and t0.email = 'test@test.com'  and u1.provider_key = 'password' 

2014-12-28 18:35:13,927 - [DEBUG] - from com.jolbox.bonecp.PreparedStatementHandle in play-akka.actor.default-dispatcher-6 
select t0.id as c0, t0.user_id as c1 from notification t0 where t0.user_id = 1 

2014-12-28 18:35:17,913 - [DEBUG] - from com.jolbox.bonecp.PreparedStatementHandle in play-akka.actor.default-dispatcher-6 
select distinct t0.id as c0, t0.email as c1, t0.name as c2, t0.first_name as c3, t0.last_name as c4, t0.last_login as c5, t0.active as c6, t0.email_validated as c7, t0.score as c8 from users t0 join linked_account u1 on u1.user_id = t0.id  where t0.active = true  and t0.email = 'test@test.com'  and u1.provider_key = 'password' 

2014-12-28 18:35:17,917 - [DEBUG] - from com.jolbox.bonecp.PreparedStatementHandle in play-akka.actor.default-dispatcher-6 
select t0.id as c0, t0.user_id as c1 from notification t0 where t0.user_id = 1 

2014-12-28 18:35:21,917 - [DEBUG] - from com.jolbox.bonecp.PreparedStatementHandle in play-akka.actor.default-dispatcher-7 
select distinct t0.id as c0, t0.email as c1, t0.name as c2, t0.first_name as c3, t0.last_name as c4, t0.last_login as c5, t0.active as c6, t0.email_validated as c7, t0.score as c8 from users t0 join linked_account u1 on u1.user_id = t0.id  where t0.active = true  and t0.email = 'test@test.com'  and u1.provider_key = 'password' 

2014-12-28 18:35:21,924 - [DEBUG] - from com.jolbox.bonecp.PreparedStatementHandle in play-akka.actor.default-dispatcher-7 
select t0.id as c0, t0.user_id as c1 from notification t0 where t0.user_id = 1 

2014-12-28 18:35:25,922 - [DEBUG] - from com.jolbox.bonecp.PreparedStatementHandle in play-akka.actor.default-dispatcher-7 
select distinct t0.id as c0, t0.email as c1, t0.name as c2, t0.first_name as c3, t0.last_name as c4, t0.last_login as c5, t0.active as c6, t0.email_validated as c7, t0.score as c8 from users t0 join linked_account u1 on u1.user_id = t0.id  where t0.active = true  and t0.email = 'test@test.com'  and u1.provider_key = 'password' 

2014-12-28 18:35:25,937 - [DEBUG] - from com.jolbox.bonecp.PreparedStatementHandle in play-akka.actor.default-dispatcher-7 
select t0.id as c0, t0.user_id as c1 from notification t0 where t0.user_id = 1 

2014-12-28 18:35:29,924 - [DEBUG] - from com.jolbox.bonecp.PreparedStatementHandle in play-akka.actor.default-dispatcher-6 
select distinct t0.id as c0, t0.email as c1, t0.name as c2, t0.first_name as c3, t0.last_name as c4, t0.last_login as c5, t0.active as c6, t0.email_validated as c7, t0.score as c8 from users t0 join linked_account u1 on u1.user_id = t0.id  where t0.active = true  and t0.email = 'test@test.com'  and u1.provider_key = 'password' 

2014-12-28 18:35:29,930 - [DEBUG] - from com.jolbox.bonecp.PreparedStatementHandle in play-akka.actor.default-dispatcher-6 
select t0.id as c0, t0.user_id as c1 from notification t0 where t0.user_id = 1 

2014-12-28 18:35:33,926 - [DEBUG] - from com.jolbox.bonecp.PreparedStatementHandle in play-akka.actor.default-dispatcher-7 
select distinct t0.id as c0, t0.email as c1, t0.name as c2, t0.first_name as c3, t0.last_name as c4, t0.last_login as c5, t0.active as c6, t0.email_validated as c7, t0.score as c8 from users t0 join linked_account u1 on u1.user_id = t0.id  where t0.active = true  and t0.email = 'test@test.com'  and u1.provider_key = 'password' 

2014-12-28 18:35:33,932 - [DEBUG] - from com.jolbox.bonecp.PreparedStatementHandle in play-akka.actor.default-dispatcher-7 
select t0.id as c0, t0.user_id as c1 from notification t0 where t0.user_id = 1 

2014-12-28 18:35:37,926 - [DEBUG] - from com.jolbox.bonecp.PreparedStatementHandle in play-akka.actor.default-dispatcher-6 
select distinct t0.id as c0, t0.email as c1, t0.name as c2, t0.first_name as c3, t0.last_name as c4, t0.last_login as c5, t0.active as c6, t0.email_validated as c7, t0.score as c8 from users t0 join linked_account u1 on u1.user_id = t0.id  where t0.active = true  and t0.email = 'test@test.com'  and u1.provider_key = 'password' 

2014-12-28 18:35:37,933 - [DEBUG] - from com.jolbox.bonecp.PreparedStatementHandle in play-akka.actor.default-dispatcher-6 
select t0.id as c0, t0.user_id as c1 from notification t0 where t0.user_id = 1 

2014-12-28 18:35:41,933 - [DEBUG] - from com.jolbox.bonecp.PreparedStatementHandle in play-akka.actor.default-dispatcher-11 
select distinct t0.id as c0, t0.email as c1, t0.name as c2, t0.first_name as c3, t0.last_name as c4, t0.last_login as c5, t0.active as c6, t0.email_validated as c7, t0.score as c8 from users t0 join linked_account u1 on u1.user_id = t0.id  where t0.active = true  and t0.email = 'test@test.com'  and u1.provider_key = 'password' 

2014-12-28 18:35:41,937 - [DEBUG] - from com.jolbox.bonecp.PreparedStatementHandle in play-akka.actor.default-dispatcher-11 
select t0.id as c0, t0.user_id as c1 from notification t0 where t0.user_id = 1 

2014-12-28 18:35:45,926 - [DEBUG] - from com.jolbox.bonecp.PreparedStatementHandle in play-akka.actor.default-dispatcher-7 
select distinct t0.id as c0, t0.email as c1, t0.name as c2, t0.first_name as c3, t0.last_name as c4, t0.last_login as c5, t0.active as c6, t0.email_validated as c7, t0.score as c8 from users t0 join linked_account u1 on u1.user_id = t0.id  where t0.active = true  and t0.email = 'test@test.com'  and u1.provider_key = 'password' 

2014-12-28 18:35:45,932 - [DEBUG] - from com.jolbox.bonecp.PreparedStatementHandle in play-akka.actor.default-dispatcher-7 
select t0.id as c0, t0.user_id as c1 from notification t0 where t0.user_id = 1 

2014-12-28 18:35:50,601 - [DEBUG] - from com.jolbox.bonecp.PreparedStatementHandle in play-akka.actor.default-dispatcher-11 
select distinct t0.id as c0, t0.email as c1, t0.name as c2, t0.first_name as c3, t0.last_name as c4, t0.last_login as c5, t0.active as c6, t0.email_validated as c7, t0.score as c8 from users t0 join linked_account u1 on u1.user_id = t0.id  where t0.active = true  and t0.email = 'test@test.com'  and u1.provider_key = 'password' 

2014-12-28 18:35:50,606 - [DEBUG] - from com.jolbox.bonecp.PreparedStatementHandle in play-akka.actor.default-dispatcher-11 
select t0.id as c0, t0.user_id as c1 from notification t0 where t0.user_id = 1 

2014-12-28 18:35:54,607 - [DEBUG] - from com.jolbox.bonecp.PreparedStatementHandle in play-akka.actor.default-dispatcher-6 
select distinct t0.id as c0, t0.email as c1, t0.name as c2, t0.first_name as c3, t0.last_name as c4, t0.last_login as c5, t0.active as c6, t0.email_validated as c7, t0.score as c8 from users t0 join linked_account u1 on u1.user_id = t0.id  where t0.active = true  and t0.email = 'test@test.com'  and u1.provider_key = 'password' 

2014-12-28 18:35:54,612 - [DEBUG] - from com.jolbox.bonecp.PreparedStatementHandle in play-akka.actor.default-dispatcher-6 
select t0.id as c0, t0.user_id as c1 from notification t0 where t0.user_id = 1 

2014-12-28 18:35:58,646 - [DEBUG] - from com.jolbox.bonecp.PreparedStatementHandle in play-akka.actor.default-dispatcher-11 
select distinct t0.id as c0, t0.email as c1, t0.name as c2, t0.first_name as c3, t0.last_name as c4, t0.last_login as c5, t0.active as c6, t0.email_validated as c7, t0.score as c8 from users t0 join linked_account u1 on u1.user_id = t0.id  where t0.active = true  and t0.email = 'test@test.com'  and u1.provider_key = 'password' 

2014-12-28 18:35:58,677 - [DEBUG] - from com.jolbox.bonecp.PreparedStatementHandle in play-akka.actor.default-dispatcher-11 
select t0.id as c0, t0.user_id as c1 from notification t0 where t0.user_id = 1 

2014-12-28 18:36:02,603 - [DEBUG] - from com.jolbox.bonecp.PreparedStatementHandle in play-akka.actor.default-dispatcher-6 
select distinct t0.id as c0, t0.email as c1, t0.name as c2, t0.first_name as c3, t0.last_name as c4, t0.last_login as c5, t0.active as c6, t0.email_validated as c7, t0.score as c8 from users t0 join linked_account u1 on u1.user_id = t0.id  where t0.active = true  and t0.email = 'test@test.com'  and u1.provider_key = 'password' 

2014-12-28 18:36:02,610 - [DEBUG] - from com.jolbox.bonecp.PreparedStatementHandle in play-akka.actor.default-dispatcher-6 
select t0.id as c0, t0.user_id as c1 from notification t0 where t0.user_id = 1 

2014-12-28 18:36:06,600 - [DEBUG] - from com.jolbox.bonecp.PreparedStatementHandle in play-akka.actor.default-dispatcher-6 
select distinct t0.id as c0, t0.email as c1, t0.name as c2, t0.first_name as c3, t0.last_name as c4, t0.last_login as c5, t0.active as c6, t0.email_validated as c7, t0.score as c8 from users t0 join linked_account u1 on u1.user_id = t0.id  where t0.active = true  and t0.email = 'test@test.com'  and u1.provider_key = 'password' 

2014-12-28 18:36:06,610 - [DEBUG] - from com.jolbox.bonecp.PreparedStatementHandle in play-akka.actor.default-dispatcher-6 
select t0.id as c0, t0.user_id as c1 from notification t0 where t0.user_id = 1 

2014-12-28 18:36:10,608 - [DEBUG] - from com.jolbox.bonecp.PreparedStatementHandle in play-akka.actor.default-dispatcher-7 
select distinct t0.id as c0, t0.email as c1, t0.name as c2, t0.first_name as c3, t0.last_name as c4, t0.last_login as c5, t0.active as c6, t0.email_validated as c7, t0.score as c8 from users t0 join linked_account u1 on u1.user_id = t0.id  where t0.active = true  and t0.email = 'test@test.com'  and u1.provider_key = 'password' 

2014-12-28 18:36:10,615 - [DEBUG] - from com.jolbox.bonecp.PreparedStatementHandle in play-akka.actor.default-dispatcher-7 
select t0.id as c0, t0.user_id as c1 from notification t0 where t0.user_id = 1 

2014-12-28 18:36:14,603 - [DEBUG] - from com.jolbox.bonecp.PreparedStatementHandle in play-akka.actor.default-dispatcher-6 
select distinct t0.id as c0, t0.email as c1, t0.name as c2, t0.first_name as c3, t0.last_name as c4, t0.last_login as c5, t0.active as c6, t0.email_validated as c7, t0.score as c8 from users t0 join linked_account u1 on u1.user_id = t0.id  where t0.active = true  and t0.email = 'test@test.com'  and u1.provider_key = 'password' 

2014-12-28 18:36:14,606 - [DEBUG] - from com.jolbox.bonecp.PreparedStatementHandle in play-akka.actor.default-dispatcher-6 
select t0.id as c0, t0.user_id as c1 from notification t0 where t0.user_id = 1 

2014-12-28 18:36:18,603 - [DEBUG] - from com.jolbox.bonecp.PreparedStatementHandle in play-akka.actor.default-dispatcher-7 
select distinct t0.id as c0, t0.email as c1, t0.name as c2, t0.first_name as c3, t0.last_name as c4, t0.last_login as c5, t0.active as c6, t0.email_validated as c7, t0.score as c8 from users t0 join linked_account u1 on u1.user_id = t0.id  where t0.active = true  and t0.email = 'test@test.com'  and u1.provider_key = 'password' 

2014-12-28 18:36:18,606 - [DEBUG] - from com.jolbox.bonecp.PreparedStatementHandle in play-akka.actor.default-dispatcher-7 
select t0.id as c0, t0.user_id as c1 from notification t0 where t0.user_id = 1 

2014-12-28 18:36:23,269 - [DEBUG] - from com.jolbox.bonecp.PreparedStatementHandle in play-akka.actor.default-dispatcher-11 
select distinct t0.id as c0, t0.email as c1, t0.name as c2, t0.first_name as c3, t0.last_name as c4, t0.last_login as c5, t0.active as c6, t0.email_validated as c7, t0.score as c8 from users t0 join linked_account u1 on u1.user_id = t0.id  where t0.active = true  and t0.email = 'test@test.com'  and u1.provider_key = 'password' 

2014-12-28 18:36:23,278 - [DEBUG] - from com.jolbox.bonecp.PreparedStatementHandle in play-akka.actor.default-dispatcher-11 
select t0.id as c0, t0.user_id as c1 from notification t0 where t0.user_id = 1 

2014-12-28 18:36:27,609 - [DEBUG] - from com.jolbox.bonecp.PreparedStatementHandle in play-akka.actor.default-dispatcher-7 
select distinct t0.id as c0, t0.email as c1, t0.name as c2, t0.first_name as c3, t0.last_name as c4, t0.last_login as c5, t0.active as c6, t0.email_validated as c7, t0.score as c8 from users t0 join linked_account u1 on u1.user_id = t0.id  where t0.active = true  and t0.email = 'test@test.com'  and u1.provider_key = 'password' 

2014-12-28 18:36:27,615 - [DEBUG] - from com.jolbox.bonecp.PreparedStatementHandle in play-akka.actor.default-dispatcher-7 
select t0.id as c0, t0.user_id as c1 from notification t0 where t0.user_id = 1 

2014-12-28 18:36:31,609 - [DEBUG] - from com.jolbox.bonecp.PreparedStatementHandle in play-akka.actor.default-dispatcher-7 
select distinct t0.id as c0, t0.email as c1, t0.name as c2, t0.first_name as c3, t0.last_name as c4, t0.last_login as c5, t0.active as c6, t0.email_validated as c7, t0.score as c8 from users t0 join linked_account u1 on u1.user_id = t0.id  where t0.active = true  and t0.email = 'test@test.com'  and u1.provider_key = 'password' 

2014-12-28 18:36:31,613 - [DEBUG] - from com.jolbox.bonecp.PreparedStatementHandle in play-akka.actor.default-dispatcher-7 
select t0.id as c0, t0.user_id as c1 from notification t0 where t0.user_id = 1 

2014-12-28 18:36:35,610 - [DEBUG] - from com.jolbox.bonecp.PreparedStatementHandle in play-akka.actor.default-dispatcher-7 
select distinct t0.id as c0, t0.email as c1, t0.name as c2, t0.first_name as c3, t0.last_name as c4, t0.last_login as c5, t0.active as c6, t0.email_validated as c7, t0.score as c8 from users t0 join linked_account u1 on u1.user_id = t0.id  where t0.active = true  and t0.email = 'test@test.com'  and u1.provider_key = 'password' 

2014-12-28 18:36:35,614 - [DEBUG] - from com.jolbox.bonecp.PreparedStatementHandle in play-akka.actor.default-dispatcher-7 
select t0.id as c0, t0.user_id as c1 from notification t0 where t0.user_id = 1 

2014-12-28 18:36:40,607 - [DEBUG] - from com.jolbox.bonecp.PreparedStatementHandle in play-akka.actor.default-dispatcher-11 
select distinct t0.id as c0, t0.email as c1, t0.name as c2, t0.first_name as c3, t0.last_name as c4, t0.last_login as c5, t0.active as c6, t0.email_validated as c7, t0.score as c8 from users t0 join linked_account u1 on u1.user_id = t0.id  where t0.active = true  and t0.email = 'test@test.com'  and u1.provider_key = 'password' 

2014-12-28 18:36:40,612 - [DEBUG] - from com.jolbox.bonecp.PreparedStatementHandle in play-akka.actor.default-dispatcher-11 
select t0.id as c0, t0.user_id as c1 from notification t0 where t0.user_id = 1 

2014-12-28 18:36:44,621 - [DEBUG] - from com.jolbox.bonecp.PreparedStatementHandle in play-akka.actor.default-dispatcher-6 
select distinct t0.id as c0, t0.email as c1, t0.name as c2, t0.first_name as c3, t0.last_name as c4, t0.last_login as c5, t0.active as c6, t0.email_validated as c7, t0.score as c8 from users t0 join linked_account u1 on u1.user_id = t0.id  where t0.active = true  and t0.email = 'test@test.com'  and u1.provider_key = 'password' 

2014-12-28 18:36:44,625 - [DEBUG] - from com.jolbox.bonecp.PreparedStatementHandle in play-akka.actor.default-dispatcher-6 
select t0.id as c0, t0.user_id as c1 from notification t0 where t0.user_id = 1 

2014-12-28 18:36:48,610 - [DEBUG] - from com.jolbox.bonecp.PreparedStatementHandle in play-akka.actor.default-dispatcher-7 
select distinct t0.id as c0, t0.email as c1, t0.name as c2, t0.first_name as c3, t0.last_name as c4, t0.last_login as c5, t0.active as c6, t0.email_validated as c7, t0.score as c8 from users t0 join linked_account u1 on u1.user_id = t0.id  where t0.active = true  and t0.email = 'test@test.com'  and u1.provider_key = 'password' 

2014-12-28 18:36:48,619 - [DEBUG] - from com.jolbox.bonecp.PreparedStatementHandle in play-akka.actor.default-dispatcher-7 
select t0.id as c0, t0.user_id as c1 from notification t0 where t0.user_id = 1 

2014-12-28 18:36:52,604 - [DEBUG] - from com.jolbox.bonecp.PreparedStatementHandle in play-akka.actor.default-dispatcher-6 
select distinct t0.id as c0, t0.email as c1, t0.name as c2, t0.first_name as c3, t0.last_name as c4, t0.last_login as c5, t0.active as c6, t0.email_validated as c7, t0.score as c8 from users t0 join linked_account u1 on u1.user_id = t0.id  where t0.active = true  and t0.email = 'test@test.com'  and u1.provider_key = 'password' 

2014-12-28 18:36:52,608 - [DEBUG] - from com.jolbox.bonecp.PreparedStatementHandle in play-akka.actor.default-dispatcher-6 
select t0.id as c0, t0.user_id as c1 from notification t0 where t0.user_id = 1 

2014-12-28 18:36:56,600 - [DEBUG] - from com.jolbox.bonecp.PreparedStatementHandle in play-akka.actor.default-dispatcher-7 
select distinct t0.id as c0, t0.email as c1, t0.name as c2, t0.first_name as c3, t0.last_name as c4, t0.last_login as c5, t0.active as c6, t0.email_validated as c7, t0.score as c8 from users t0 join linked_account u1 on u1.user_id = t0.id  where t0.active = true  and t0.email = 'test@test.com'  and u1.provider_key = 'password' 

2014-12-28 18:36:56,603 - [DEBUG] - from com.jolbox.bonecp.PreparedStatementHandle in play-akka.actor.default-dispatcher-7 
select t0.id as c0, t0.user_id as c1 from notification t0 where t0.user_id = 1 

2014-12-28 18:37:00,602 - [DEBUG] - from com.jolbox.bonecp.PreparedStatementHandle in play-akka.actor.default-dispatcher-6 
select distinct t0.id as c0, t0.email as c1, t0.name as c2, t0.first_name as c3, t0.last_name as c4, t0.last_login as c5, t0.active as c6, t0.email_validated as c7, t0.score as c8 from users t0 join linked_account u1 on u1.user_id = t0.id  where t0.active = true  and t0.email = 'test@test.com'  and u1.provider_key = 'password' 

2014-12-28 18:37:00,605 - [DEBUG] - from com.jolbox.bonecp.PreparedStatementHandle in play-akka.actor.default-dispatcher-6 
select t0.id as c0, t0.user_id as c1 from notification t0 where t0.user_id = 1 

2014-12-28 18:37:04,602 - [DEBUG] - from com.jolbox.bonecp.PreparedStatementHandle in play-akka.actor.default-dispatcher-7 
select distinct t0.id as c0, t0.email as c1, t0.name as c2, t0.first_name as c3, t0.last_name as c4, t0.last_login as c5, t0.active as c6, t0.email_validated as c7, t0.score as c8 from users t0 join linked_account u1 on u1.user_id = t0.id  where t0.active = true  and t0.email = 'test@test.com'  and u1.provider_key = 'password' 

2014-12-28 18:37:04,609 - [DEBUG] - from com.jolbox.bonecp.PreparedStatementHandle in play-akka.actor.default-dispatcher-7 
select t0.id as c0, t0.user_id as c1 from notification t0 where t0.user_id = 1 

2014-12-28 18:37:08,604 - [DEBUG] - from com.jolbox.bonecp.PreparedStatementHandle in play-akka.actor.default-dispatcher-7 
select distinct t0.id as c0, t0.email as c1, t0.name as c2, t0.first_name as c3, t0.last_name as c4, t0.last_login as c5, t0.active as c6, t0.email_validated as c7, t0.score as c8 from users t0 join linked_account u1 on u1.user_id = t0.id  where t0.active = true  and t0.email = 'test@test.com'  and u1.provider_key = 'password' 

2014-12-28 18:37:08,607 - [DEBUG] - from com.jolbox.bonecp.PreparedStatementHandle in play-akka.actor.default-dispatcher-7 
select t0.id as c0, t0.user_id as c1 from notification t0 where t0.user_id = 1 

2014-12-28 18:37:12,603 - [DEBUG] - from com.jolbox.bonecp.PreparedStatementHandle in play-akka.actor.default-dispatcher-6 
select distinct t0.id as c0, t0.email as c1, t0.name as c2, t0.first_name as c3, t0.last_name as c4, t0.last_login as c5, t0.active as c6, t0.email_validated as c7, t0.score as c8 from users t0 join linked_account u1 on u1.user_id = t0.id  where t0.active = true  and t0.email = 'test@test.com'  and u1.provider_key = 'password' 

2014-12-28 18:37:12,609 - [DEBUG] - from com.jolbox.bonecp.PreparedStatementHandle in play-akka.actor.default-dispatcher-6 
select t0.id as c0, t0.user_id as c1 from notification t0 where t0.user_id = 1 

2014-12-28 18:37:16,647 - [DEBUG] - from com.jolbox.bonecp.PreparedStatementHandle in play-akka.actor.default-dispatcher-7 
select distinct t0.id as c0, t0.email as c1, t0.name as c2, t0.first_name as c3, t0.last_name as c4, t0.last_login as c5, t0.active as c6, t0.email_validated as c7, t0.score as c8 from users t0 join linked_account u1 on u1.user_id = t0.id  where t0.active = true  and t0.email = 'test@test.com'  and u1.provider_key = 'password' 

2014-12-28 18:37:16,651 - [DEBUG] - from com.jolbox.bonecp.PreparedStatementHandle in play-akka.actor.default-dispatcher-7 
select t0.id as c0, t0.user_id as c1 from notification t0 where t0.user_id = 1 

2014-12-28 18:37:21,791 - [DEBUG] - from com.jolbox.bonecp.PreparedStatementHandle in play-akka.actor.default-dispatcher-6 
select distinct t0.id as c0, t0.email as c1, t0.name as c2, t0.first_name as c3, t0.last_name as c4, t0.last_login as c5, t0.active as c6, t0.email_validated as c7, t0.score as c8 from users t0 join linked_account u1 on u1.user_id = t0.id  where t0.active = true  and t0.email = 'test@test.com'  and u1.provider_key = 'password' 

2014-12-28 18:37:21,805 - [DEBUG] - from com.jolbox.bonecp.PreparedStatementHandle in play-akka.actor.default-dispatcher-6 
select t0.id as c0, t0.user_id as c1 from notification t0 where t0.user_id = 1 

2014-12-28 18:37:26,613 - [DEBUG] - from com.jolbox.bonecp.PreparedStatementHandle in play-akka.actor.default-dispatcher-6 
select distinct t0.id as c0, t0.email as c1, t0.name as c2, t0.first_name as c3, t0.last_name as c4, t0.last_login as c5, t0.active as c6, t0.email_validated as c7, t0.score as c8 from users t0 join linked_account u1 on u1.user_id = t0.id  where t0.active = true  and t0.email = 'test@test.com'  and u1.provider_key = 'password' 

2014-12-28 18:37:26,633 - [DEBUG] - from com.jolbox.bonecp.PreparedStatementHandle in play-akka.actor.default-dispatcher-6 
select t0.id as c0, t0.user_id as c1 from notification t0 where t0.user_id = 1 

2014-12-28 18:37:30,759 - [DEBUG] - from com.jolbox.bonecp.PreparedStatementHandle in play-akka.actor.default-dispatcher-7 
select distinct t0.id as c0, t0.email as c1, t0.name as c2, t0.first_name as c3, t0.last_name as c4, t0.last_login as c5, t0.active as c6, t0.email_validated as c7, t0.score as c8 from users t0 join linked_account u1 on u1.user_id = t0.id  where t0.active = true  and t0.email = 'test@test.com'  and u1.provider_key = 'password' 

2014-12-28 18:37:30,764 - [DEBUG] - from com.jolbox.bonecp.PreparedStatementHandle in play-akka.actor.default-dispatcher-7 
select t0.id as c0, t0.user_id as c1 from notification t0 where t0.user_id = 1 

2014-12-28 18:37:35,750 - [DEBUG] - from com.jolbox.bonecp.PreparedStatementHandle in play-akka.actor.default-dispatcher-6 
select distinct t0.id as c0, t0.email as c1, t0.name as c2, t0.first_name as c3, t0.last_name as c4, t0.last_login as c5, t0.active as c6, t0.email_validated as c7, t0.score as c8 from users t0 join linked_account u1 on u1.user_id = t0.id  where t0.active = true  and t0.email = 'test@test.com'  and u1.provider_key = 'password' 

2014-12-28 18:37:35,794 - [DEBUG] - from com.jolbox.bonecp.PreparedStatementHandle in play-akka.actor.default-dispatcher-6 
select t0.id as c0, t0.user_id as c1 from notification t0 where t0.user_id = 1 

2014-12-28 18:37:40,703 - [DEBUG] - from com.jolbox.bonecp.PreparedStatementHandle in play-akka.actor.default-dispatcher-7 
select distinct t0.id as c0, t0.email as c1, t0.name as c2, t0.first_name as c3, t0.last_name as c4, t0.last_login as c5, t0.active as c6, t0.email_validated as c7, t0.score as c8 from users t0 join linked_account u1 on u1.user_id = t0.id  where t0.active = true  and t0.email = 'test@test.com'  and u1.provider_key = 'password' 

2014-12-28 18:37:40,711 - [DEBUG] - from com.jolbox.bonecp.PreparedStatementHandle in play-akka.actor.default-dispatcher-7 
select t0.id as c0, t0.user_id as c1 from notification t0 where t0.user_id = 1 

2014-12-28 18:37:44,641 - [DEBUG] - from com.jolbox.bonecp.PreparedStatementHandle in play-akka.actor.default-dispatcher-11 
select distinct t0.id as c0, t0.email as c1, t0.name as c2, t0.first_name as c3, t0.last_name as c4, t0.last_login as c5, t0.active as c6, t0.email_validated as c7, t0.score as c8 from users t0 join linked_account u1 on u1.user_id = t0.id  where t0.active = true  and t0.email = 'test@test.com'  and u1.provider_key = 'password' 

2014-12-28 18:37:44,647 - [DEBUG] - from com.jolbox.bonecp.PreparedStatementHandle in play-akka.actor.default-dispatcher-11 
select t0.id as c0, t0.user_id as c1 from notification t0 where t0.user_id = 1 

2014-12-28 18:37:48,600 - [DEBUG] - from com.jolbox.bonecp.PreparedStatementHandle in play-akka.actor.default-dispatcher-6 
select distinct t0.id as c0, t0.email as c1, t0.name as c2, t0.first_name as c3, t0.last_name as c4, t0.last_login as c5, t0.active as c6, t0.email_validated as c7, t0.score as c8 from users t0 join linked_account u1 on u1.user_id = t0.id  where t0.active = true  and t0.email = 'test@test.com'  and u1.provider_key = 'password' 

2014-12-28 18:37:48,603 - [DEBUG] - from com.jolbox.bonecp.PreparedStatementHandle in play-akka.actor.default-dispatcher-6 
select t0.id as c0, t0.user_id as c1 from notification t0 where t0.user_id = 1 

2014-12-28 18:37:52,609 - [DEBUG] - from com.jolbox.bonecp.PreparedStatementHandle in play-akka.actor.default-dispatcher-6 
select distinct t0.id as c0, t0.email as c1, t0.name as c2, t0.first_name as c3, t0.last_name as c4, t0.last_login as c5, t0.active as c6, t0.email_validated as c7, t0.score as c8 from users t0 join linked_account u1 on u1.user_id = t0.id  where t0.active = true  and t0.email = 'test@test.com'  and u1.provider_key = 'password' 

2014-12-28 18:37:52,630 - [DEBUG] - from com.jolbox.bonecp.PreparedStatementHandle in play-akka.actor.default-dispatcher-6 
select t0.id as c0, t0.user_id as c1 from notification t0 where t0.user_id = 1 

2014-12-28 18:37:56,601 - [DEBUG] - from com.jolbox.bonecp.PreparedStatementHandle in play-akka.actor.default-dispatcher-7 
select distinct t0.id as c0, t0.email as c1, t0.name as c2, t0.first_name as c3, t0.last_name as c4, t0.last_login as c5, t0.active as c6, t0.email_validated as c7, t0.score as c8 from users t0 join linked_account u1 on u1.user_id = t0.id  where t0.active = true  and t0.email = 'test@test.com'  and u1.provider_key = 'password' 

2014-12-28 18:37:56,607 - [DEBUG] - from com.jolbox.bonecp.PreparedStatementHandle in play-akka.actor.default-dispatcher-7 
select t0.id as c0, t0.user_id as c1 from notification t0 where t0.user_id = 1 

